<?xml version="1.0" encoding="UTF-8"?>
<testng-results ignored="0" total="1" passed="1" failed="0" skipped="0">
  <reporter-output>
  </reporter-output>
  <suite started-at="2024-10-30T09:09:11 GMT+07:00" name="Default suite" finished-at="2024-10-30T09:09:11 GMT+07:00" duration-ms="112">
    <groups>
    </groups>
    <test started-at="2024-10-30T09:09:11 GMT+07:00" name="Default test" finished-at="2024-10-30T09:09:11 GMT+07:00" duration-ms="112">
      <class name="Automation.testsuit.Login">
        <test-method is-config="true" signature="init()[pri:0, instance:Automation.testsuit.Login@55634720]" started-at="2024-10-30T09:09:11 GMT+07:00" name="init" finished-at="2024-10-30T09:09:11 GMT+07:00" duration-ms="14" status="PASS">
          <reporter-output>
          </reporter-output>
        </test-method> <!-- init -->
        <test-method signature="testcase1()[pri:0, instance:Automation.testsuit.Login@55634720]" started-at="2024-10-30T09:09:11 GMT+07:00" name="testcase1" finished-at="2024-10-30T09:09:11 GMT+07:00" duration-ms="18" status="PASS">
          <reporter-output>
          </reporter-output>
        </test-method> <!-- testcase1 -->
      </class> <!-- Automation.testsuit.Login -->
    </test> <!-- Default test -->
  </suite> <!-- Default suite -->
</testng-results>
